<?xml version="1.0" encoding="UTF-8"?>
<!-- Generated by org.testng.reporters.JUnitXMLReporter -->
<testsuite hostname="DESKTOP-6IN6RRJ" ignored="4" name="TestEdge" tests="3" failures="0" timestamp="2022-07-24T21:46:18 IST" time="74.396" errors="0">
  <testcase name="testScenario1" time="1.537" classname="lambdaTest.Scenario1"/>
  <testcase name="testScenario2" time="0.748" classname="lambdaTest.Scenario2"/>
  <testcase name="testScenario3" time="2.656" classname="lambdaTest.Scenario3"/>
  <testcase name="@BeforeTest browerSetUp" time="0.0" classname="lambdaTest.LambdaBassClass">
    <ignored/>
  </testcase> <!-- @BeforeTest browerSetUp -->
  <testcase name="@BeforeTest browerSetUp" time="0.0" classname="lambdaTest.LambdaBassClass">
    <ignored/>
  </testcase> <!-- @BeforeTest browerSetUp -->
  <testcase name="@AfterTest postCondition" time="0.0" classname="lambdaTest.LambdaBassClass">
    <ignored/>
  </testcase> <!-- @AfterTest postCondition -->
  <testcase name="@AfterTest postCondition" time="0.0" classname="lambdaTest.LambdaBassClass">
    <ignored/>
  </testcase> <!-- @AfterTest postCondition -->
</testsuite> <!-- TestEdge -->
