<?xml version="1.0" encoding="UTF-8"?>
<!-- Generated by org.testng.reporters.JUnitXMLReporter -->
<testsuite hostname="DESKTOP-6IN6RRJ" ignored="0" name="TestIE" tests="3" failures="0" timestamp="2022-07-24T21:08:18 IST" time="0.606" errors="0">
  <testcase name="@BeforeMethod preCondition" time="0.006" classname="lambdaTest.LambdaBassClass">
    <failure type="java.lang.NullPointerException">
      <![CDATA[java.lang.NullPointerException
at lambdaTest.LambdaBassClass.preCondition(LambdaBassClass.java:75)
at java.util.ArrayList.forEach(ArrayList.java:1259)
at java.util.concurrent.FutureTask.run(FutureTask.java:266)
at java.util.concurrent.ThreadPoolExecutor.runWorker(ThreadPoolExecutor.java:1149)
at java.util.concurrent.ThreadPoolExecutor$Worker.run(ThreadPoolExecutor.java:624)
at java.lang.Thread.run(Thread.java:748)
... Removed 22 stack frames]]>
    </failure>
  </testcase> <!-- @BeforeMethod preCondition -->
  <testcase name="@AfterMethod postCondition" time="-1.658677098678E9" classname="lambdaTest.LambdaBassClass">
    <skipped/>
  </testcase> <!-- @AfterMethod postCondition -->
  <testcase name="@BeforeMethod preCondition" time="0.001" classname="lambdaTest.LambdaBassClass">
    <failure type="java.lang.NullPointerException">
      <![CDATA[java.lang.NullPointerException
at lambdaTest.LambdaBassClass.preCondition(LambdaBassClass.java:75)
at java.util.ArrayList.forEach(ArrayList.java:1259)
at java.util.concurrent.FutureTask.run(FutureTask.java:266)
at java.util.concurrent.ThreadPoolExecutor.runWorker(ThreadPoolExecutor.java:1149)
at java.util.concurrent.ThreadPoolExecutor$Worker.run(ThreadPoolExecutor.java:624)
at java.lang.Thread.run(Thread.java:748)
... Removed 22 stack frames]]>
    </failure>
  </testcase> <!-- @BeforeMethod preCondition -->
  <testcase name="@AfterMethod postCondition" time="-1.65867709875E9" classname="lambdaTest.LambdaBassClass">
    <skipped/>
  </testcase> <!-- @AfterMethod postCondition -->
  <testcase name="@BeforeMethod preCondition" time="0.001" classname="lambdaTest.LambdaBassClass">
    <failure type="java.lang.NullPointerException">
      <![CDATA[java.lang.NullPointerException
at lambdaTest.LambdaBassClass.preCondition(LambdaBassClass.java:75)
at java.util.ArrayList.forEach(ArrayList.java:1259)
at java.util.concurrent.FutureTask.run(FutureTask.java:266)
at java.util.concurrent.ThreadPoolExecutor.runWorker(ThreadPoolExecutor.java:1149)
at java.util.concurrent.ThreadPoolExecutor$Worker.run(ThreadPoolExecutor.java:624)
at java.lang.Thread.run(Thread.java:748)
... Removed 22 stack frames]]>
    </failure>
  </testcase> <!-- @BeforeMethod preCondition -->
  <testcase name="@AfterMethod postCondition" time="-1.658677098806E9" classname="lambdaTest.LambdaBassClass">
    <skipped/>
  </testcase> <!-- @AfterMethod postCondition -->
  <testcase name="testScenario1" time="0.0" classname="lambdaTest.Scenario1">
    <skipped/>
  </testcase> <!-- testScenario1 -->
  <testcase name="testScenario2" time="0.0" classname="lambdaTest.Scenario2">
    <skipped/>
  </testcase> <!-- testScenario2 -->
  <testcase name="testScenario3" time="0.0" classname="lambdaTest.Scenario3">
    <skipped/>
  </testcase> <!-- testScenario3 -->
</testsuite> <!-- TestIE -->
