<?xml version="1.0" encoding="UTF-8"?>
<!-- Generated by org.testng.reporters.JUnitXMLReporter -->
<testsuite hostname="DESKTOP-6IN6RRJ" ignored="4" name="TestFirefox" tests="3" failures="1" timestamp="2022-07-24T21:45:49 IST" time="45.429" errors="0">
  <testcase name="testScenario1" time="3.472" classname="lambdaTest.Scenario1"/>
  <testcase name="testScenario2" time="1.888" classname="lambdaTest.Scenario2">
    <failure type="org.openqa.selenium.interactions.MoveTargetOutOfBoundsException" message="(669, 645) is out of bounds of viewport width (1366) and height (643)
Build info: version: &amp;apos;4.1.1&amp;apos;, revision: &amp;apos;e8fcc2cecf&amp;apos;
System info: host: &amp;apos;DESKTOP-6IN6RRJ&amp;apos;, ip: &amp;apos;192.168.1.7&amp;apos;, os.name: &amp;apos;Windows 10&amp;apos;, os.arch: &amp;apos;amd64&amp;apos;, os.version: &amp;apos;10.0&amp;apos;, java.version: &amp;apos;1.8.0_271&amp;apos;
Driver info: org.openqa.selenium.remote.RemoteWebDriver
Command: [ee229d54-7acb-4483-951f-5b4f532343bc, actions {actions=[org.openqa.selenium.interactions.Sequence@c8d9251]}]
Capabilities {acceptInsecureCerts: false, browserName: firefox, browserVersion: 102.0.1, javascriptEnabled: true, moz:accessibilityChecks: false, moz:buildID: 20220705093820, moz:geckodriverVersion: 0.31.0, moz:headless: false, moz:processID: 14124, moz:profile: C:\Users\SONY\AppData\Local..., moz:shutdownTimeout: 60000, moz:useNonSpecCompliantPointerOrigin: false, moz:webdriverClick: true, moz:windowless: false, pageLoadStrategy: normal, platform: WIN10, platformName: WIN10, platformVersion: 10.0, proxy: Proxy(), se:cdp: ws://192.168.1.7:4444/sessi..., setWindowRect: true, strictFileInteractability: false, timeouts: {implicit: 0, pageLoad: 300000, script: 30000}, unhandledPromptBehavior: dismiss and notify}
Session ID: ee229d54-7acb-4483-951f-5b4f532343bc">
      <![CDATA[org.openqa.selenium.interactions.MoveTargetOutOfBoundsException: (669, 645) is out of bounds of viewport width (1366) and height (643)
Build info: version: '4.1.1', revision: 'e8fcc2cecf'
System info: host: 'DESKTOP-6IN6RRJ', ip: '192.168.1.7', os.name: 'Windows 10', os.arch: 'amd64', os.version: '10.0', java.version: '1.8.0_271'
Driver info: org.openqa.selenium.remote.RemoteWebDriver
Command: [ee229d54-7acb-4483-951f-5b4f532343bc, actions {actions=[org.openqa.selenium.interactions.Sequence@c8d9251]}]
Capabilities {acceptInsecureCerts: false, browserName: firefox, browserVersion: 102.0.1, javascriptEnabled: true, moz:accessibilityChecks: false, moz:buildID: 20220705093820, moz:geckodriverVersion: 0.31.0, moz:headless: false, moz:processID: 14124, moz:profile: C:\Users\SONY\AppData\Local..., moz:shutdownTimeout: 60000, moz:useNonSpecCompliantPointerOrigin: false, moz:webdriverClick: true, moz:windowless: false, pageLoadStrategy: normal, platform: WIN10, platformName: WIN10, platformVersion: 10.0, proxy: Proxy(), se:cdp: ws://192.168.1.7:4444/sessi..., setWindowRect: true, strictFileInteractability: false, timeouts: {implicit: 0, pageLoad: 300000, script: 30000}, unhandledPromptBehavior: dismiss and notify}
Session ID: ee229d54-7acb-4483-951f-5b4f532343bc
at org.openqa.selenium.remote.codec.w3c.W3CHttpResponseCodec.createException(W3CHttpResponseCodec.java:200)
at org.openqa.selenium.remote.codec.w3c.W3CHttpResponseCodec.decode(W3CHttpResponseCodec.java:133)
at org.openqa.selenium.remote.codec.w3c.W3CHttpResponseCodec.decode(W3CHttpResponseCodec.java:53)
at org.openqa.selenium.remote.HttpCommandExecutor.execute(HttpCommandExecutor.java:184)
at org.openqa.selenium.remote.TracedCommandExecutor.execute(TracedCommandExecutor.java:51)
at org.openqa.selenium.remote.RemoteWebDriver.execute(RemoteWebDriver.java:543)
at org.openqa.selenium.remote.RemoteWebDriver.perform(RemoteWebDriver.java:611)
at org.openqa.selenium.interactions.Actions$BuiltAction.perform(Actions.java:617)
at lambdaTest.Scenario2.testScenario2(Scenario2.java:24)
at java.util.ArrayList.forEach(ArrayList.java:1259)
at java.util.concurrent.FutureTask.run(FutureTask.java:266)
at java.util.concurrent.ThreadPoolExecutor.runWorker(ThreadPoolExecutor.java:1149)
at java.util.concurrent.ThreadPoolExecutor$Worker.run(ThreadPoolExecutor.java:624)
at java.lang.Thread.run(Thread.java:748)
... Removed 22 stack frames]]>
    </failure>
  </testcase> <!-- testScenario2 -->
  <testcase name="testScenario3" time="3.141" classname="lambdaTest.Scenario3"/>
  <testcase name="@BeforeTest browerSetUp" time="0.0" classname="lambdaTest.LambdaBassClass">
    <ignored/>
  </testcase> <!-- @BeforeTest browerSetUp -->
  <testcase name="@BeforeTest browerSetUp" time="0.0" classname="lambdaTest.LambdaBassClass">
    <ignored/>
  </testcase> <!-- @BeforeTest browerSetUp -->
  <testcase name="@AfterTest postCondition" time="0.0" classname="lambdaTest.LambdaBassClass">
    <ignored/>
  </testcase> <!-- @AfterTest postCondition -->
  <testcase name="@AfterTest postCondition" time="0.0" classname="lambdaTest.LambdaBassClass">
    <ignored/>
  </testcase> <!-- @AfterTest postCondition -->
</testsuite> <!-- TestFirefox -->
